sample.interval=20000
"pause" "f" 
"pause" "f" 
"pause" "f" 
"pause" "f" 
"pause" "f" 
"pause" "g" "f" 
"pause" "g" "f" 
"pause" "g" "f" 
"pause" "g" "f" 
"pause" "h" "g" "f" 
"pause" "h" "g" "f" 
"pause" "h" "g" "f" 
"pause" "h" "g" "f" 
"pause" "h" "g" "f" 
"pause" "h" "f" 
"pause" "h" "f" 
"pause" "h" "f" 
"pause" "h" "f" 
"pause" "h" "f" 
"ls" "FUN" "lapply" ".rs.objectsOnSearchPath" ".rs.getCompletionsSearchPath" "Reduce" ".rs.rpc.get_completions" 
"ls" "FUN" "lapply" ".rs.objectsOnSearchPath" ".rs.getCompletionsSearchPath" "Reduce" ".rs.rpc.get_completions" 
"tolower" "nchar" ".rs.startsWith" ".rs.fuzzyMatches" ".rs.getCompletionsSearchPath" "Reduce" ".rs.rpc.get_completions" 
